[debug] [2021-12-11T08:57:45.411Z] ----------------------------------------------------------------------
[debug] [2021-12-11T08:57:45.412Z] Command:       C:\Program Files\nodejs\node.exe C:\Users\Lenovo\AppData\Roaming\npm\node_modules\firebase-tools\lib\bin\firebase.js init
[debug] [2021-12-11T08:57:45.413Z] CLI Version:   9.23.0
[debug] [2021-12-11T08:57:45.413Z] Platform:      win32
[debug] [2021-12-11T08:57:45.413Z] Node Version:  v16.13.0
[debug] [2021-12-11T08:57:45.414Z] Time:          Sat Dec 11 2021 14:27:45 GMT+0530 (India Standard Time)
[debug] [2021-12-11T08:57:45.414Z] ----------------------------------------------------------------------
[debug] 
[debug] [2021-12-11T08:57:45.470Z] > command requires scopes: ["email","openid","https://www.googleapis.com/auth/cloudplatformprojects.readonly","https://www.googleapis.com/auth/firebase","https://www.googleapis.com/auth/cloud-platform"]
[debug] [2021-12-11T08:57:45.471Z] > authorizing via signed-in user (palvitiwari913@gmail.com)
[info] 
     ######## #### ########  ######## ########     ###     ######  ########
     ##        ##  ##     ## ##       ##     ##  ##   ##  ##       ##
     ######    ##  ########  ######   ########  #########  ######  ######
     ##        ##  ##    ##  ##       ##     ## ##     ##       ## ##
     ##       #### ##     ## ######## ########  ##     ##  ######  ########

You're about to initialize a Firebase project in this directory:

  C:\Users\Lenovo\OneDrive\Documents\projects\stocks-advisor

Before we get started, keep in mind:

  * You are initializing within an existing Firebase project directory

